Determining if the function sendmmsg exists failed with the following output:
Change Dir: /Users/zhang/lsquic/build_armv7/CMakeFiles/CMakeTmp

Run Build Command(s):/usr/bin/make cmTC_815fc/fast 
/Applications/Xcode.app/Contents/Developer/usr/bin/make -f CMakeFiles/cmTC_815fc.dir/build.make CMakeFiles/cmTC_815fc.dir/build
Building C object CMakeFiles/cmTC_815fc.dir/CheckFunctionExists.c.o
/Applications/Xcode.app/Contents/Developer/Toolchains/XcodeDefault.xctoolchain/usr/bin/cc   -DLSQUIC_DEBUG_NEXT_ADV_TICK=1 -Wall -Wextra -Wno-unused-parameter -fno-omit-frame-pointer -Wno-implicit-fallthrough -O3 -g0  -DCHECK_FUNCTION_EXISTS=sendmmsg -arch armv7 -isysroot /Applications/Xcode.app/Contents/Developer/Platforms/iPhoneOS.platform/Developer/SDKs/iPhoneOS13.2.sdk   -o CMakeFiles/cmTC_815fc.dir/CheckFunctionExists.c.o   -c /usr/local/Cellar/cmake/3.14.3/share/cmake/Modules/CheckFunctionExists.c
Linking C executable cmTC_815fc
/usr/local/Cellar/cmake/3.14.3/bin/cmake -E cmake_link_script CMakeFiles/cmTC_815fc.dir/link.txt --verbose=1
/Applications/Xcode.app/Contents/Developer/Toolchains/XcodeDefault.xctoolchain/usr/bin/cc   -DLSQUIC_DEBUG_NEXT_ADV_TICK=1 -Wall -Wextra -Wno-unused-parameter -fno-omit-frame-pointer -Wno-implicit-fallthrough -O3 -g0  -DCHECK_FUNCTION_EXISTS=sendmmsg -arch armv7 -isysroot /Applications/Xcode.app/Contents/Developer/Platforms/iPhoneOS.platform/Developer/SDKs/iPhoneOS13.2.sdk -Wl,-search_paths_first -Wl,-headerpad_max_install_names   CMakeFiles/cmTC_815fc.dir/CheckFunctionExists.c.o  -o cmTC_815fc 
Undefined symbols for architecture armv7:
  "_sendmmsg", referenced from:
      _main in CheckFunctionExists.c.o
ld: symbol(s) not found for architecture armv7
clang: error: linker command failed with exit code 1 (use -v to see invocation)
make[1]: *** [cmTC_815fc] Error 1
make: *** [cmTC_815fc/fast] Error 2


Determining if the function recvmmsg exists failed with the following output:
Change Dir: /Users/zhang/lsquic/build_armv7/CMakeFiles/CMakeTmp

Run Build Command(s):/usr/bin/make cmTC_98613/fast 
/Applications/Xcode.app/Contents/Developer/usr/bin/make -f CMakeFiles/cmTC_98613.dir/build.make CMakeFiles/cmTC_98613.dir/build
Building C object CMakeFiles/cmTC_98613.dir/CheckFunctionExists.c.o
/Applications/Xcode.app/Contents/Developer/Toolchains/XcodeDefault.xctoolchain/usr/bin/cc   -DLSQUIC_DEBUG_NEXT_ADV_TICK=1 -Wall -Wextra -Wno-unused-parameter -fno-omit-frame-pointer -Wno-implicit-fallthrough -O3 -g0  -DCHECK_FUNCTION_EXISTS=recvmmsg -arch armv7 -isysroot /Applications/Xcode.app/Contents/Developer/Platforms/iPhoneOS.platform/Developer/SDKs/iPhoneOS13.2.sdk   -o CMakeFiles/cmTC_98613.dir/CheckFunctionExists.c.o   -c /usr/local/Cellar/cmake/3.14.3/share/cmake/Modules/CheckFunctionExists.c
Linking C executable cmTC_98613
/usr/local/Cellar/cmake/3.14.3/bin/cmake -E cmake_link_script CMakeFiles/cmTC_98613.dir/link.txt --verbose=1
/Applications/Xcode.app/Contents/Developer/Toolchains/XcodeDefault.xctoolchain/usr/bin/cc   -DLSQUIC_DEBUG_NEXT_ADV_TICK=1 -Wall -Wextra -Wno-unused-parameter -fno-omit-frame-pointer -Wno-implicit-fallthrough -O3 -g0  -DCHECK_FUNCTION_EXISTS=recvmmsg -arch armv7 -isysroot /Applications/Xcode.app/Contents/Developer/Platforms/iPhoneOS.platform/Developer/SDKs/iPhoneOS13.2.sdk -Wl,-search_paths_first -Wl,-headerpad_max_install_names   CMakeFiles/cmTC_98613.dir/CheckFunctionExists.c.o  -o cmTC_98613 
Undefined symbols for architecture armv7:
  "_recvmmsg", referenced from:
      _main in CheckFunctionExists.c.o
ld: symbol(s) not found for architecture armv7
clang: error: linker command failed with exit code 1 (use -v to see invocation)
make[1]: *** [cmTC_98613] Error 1
make: *** [cmTC_98613/fast] Error 2


Determining if the IP_MTU_DISCOVER exist failed with the following output:
Change Dir: /Users/zhang/lsquic/build_armv7/CMakeFiles/CMakeTmp

Run Build Command(s):/usr/bin/make cmTC_feb55/fast 
/Applications/Xcode.app/Contents/Developer/usr/bin/make -f CMakeFiles/cmTC_feb55.dir/build.make CMakeFiles/cmTC_feb55.dir/build
Building C object CMakeFiles/cmTC_feb55.dir/CheckSymbolExists.c.o
/Applications/Xcode.app/Contents/Developer/Toolchains/XcodeDefault.xctoolchain/usr/bin/cc   -DLSQUIC_DEBUG_NEXT_ADV_TICK=1 -Wall -Wextra -Wno-unused-parameter -fno-omit-frame-pointer -Wno-implicit-fallthrough -O3 -g0   -arch armv7 -isysroot /Applications/Xcode.app/Contents/Developer/Platforms/iPhoneOS.platform/Developer/SDKs/iPhoneOS13.2.sdk   -o CMakeFiles/cmTC_feb55.dir/CheckSymbolExists.c.o   -c /Users/zhang/lsquic/build_armv7/CMakeFiles/CMakeTmp/CheckSymbolExists.c
/Users/zhang/lsquic/build_armv7/CMakeFiles/CMakeTmp/CheckSymbolExists.c:8:19: error: use of undeclared identifier 'IP_MTU_DISCOVER'
  return ((int*)(&IP_MTU_DISCOVER))[argc];
                  ^
1 error generated.
make[1]: *** [CMakeFiles/cmTC_feb55.dir/CheckSymbolExists.c.o] Error 1
make: *** [cmTC_feb55/fast] Error 2

File /Users/zhang/lsquic/build_armv7/CMakeFiles/CMakeTmp/CheckSymbolExists.c:
/* */
#include <netinet/in.h>

int main(int argc, char** argv)
{
  (void)argv;
#ifndef IP_MTU_DISCOVER
  return ((int*)(&IP_MTU_DISCOVER))[argc];
#else
  (void)argc;
  return 0;
#endif
}

Determining if the IP_DONTFRAG exist failed with the following output:
Change Dir: /Users/zhang/lsquic/build_armv7/CMakeFiles/CMakeTmp

Run Build Command(s):/usr/bin/make cmTC_32c09/fast 
/Applications/Xcode.app/Contents/Developer/usr/bin/make -f CMakeFiles/cmTC_32c09.dir/build.make CMakeFiles/cmTC_32c09.dir/build
Building C object CMakeFiles/cmTC_32c09.dir/CheckSymbolExists.c.o
/Applications/Xcode.app/Contents/Developer/Toolchains/XcodeDefault.xctoolchain/usr/bin/cc   -DLSQUIC_DEBUG_NEXT_ADV_TICK=1 -Wall -Wextra -Wno-unused-parameter -fno-omit-frame-pointer -Wno-implicit-fallthrough -O3 -g0   -arch armv7 -isysroot /Applications/Xcode.app/Contents/Developer/Platforms/iPhoneOS.platform/Developer/SDKs/iPhoneOS13.2.sdk   -o CMakeFiles/cmTC_32c09.dir/CheckSymbolExists.c.o   -c /Users/zhang/lsquic/build_armv7/CMakeFiles/CMakeTmp/CheckSymbolExists.c
/Users/zhang/lsquic/build_armv7/CMakeFiles/CMakeTmp/CheckSymbolExists.c:8:19: error: use of undeclared identifier 'IP_DONTFRAG'
  return ((int*)(&IP_DONTFRAG))[argc];
                  ^
1 error generated.
make[1]: *** [CMakeFiles/cmTC_32c09.dir/CheckSymbolExists.c.o] Error 1
make: *** [cmTC_32c09/fast] Error 2

File /Users/zhang/lsquic/build_armv7/CMakeFiles/CMakeTmp/CheckSymbolExists.c:
/* */
#include <netinet/in.h>

int main(int argc, char** argv)
{
  (void)argv;
#ifndef IP_DONTFRAG
  return ((int*)(&IP_DONTFRAG))[argc];
#else
  (void)argc;
  return 0;
#endif
}

