Determining if the function sendmmsg exists failed with the following output:
Change Dir: /Users/zhang/lsquic/build_i386/CMakeFiles/CMakeTmp

Run Build Command(s):/usr/bin/make cmTC_79512/fast 
/Applications/Xcode.app/Contents/Developer/usr/bin/make -f CMakeFiles/cmTC_79512.dir/build.make CMakeFiles/cmTC_79512.dir/build
Building C object CMakeFiles/cmTC_79512.dir/CheckFunctionExists.c.o
/Applications/Xcode.app/Contents/Developer/Toolchains/XcodeDefault.xctoolchain/usr/bin/cc   -DLSQUIC_DEBUG_NEXT_ADV_TICK=1 -Wall -Wextra -Wno-unused-parameter -fno-omit-frame-pointer -Wno-implicit-fallthrough -O3 -g0  -DCHECK_FUNCTION_EXISTS=sendmmsg -arch i386 -isysroot /Applications/Xcode.app/Contents/Developer/Platforms/iPhoneSimulator.platform/Developer/SDKs/iPhoneSimulator13.2.sdk   -o CMakeFiles/cmTC_79512.dir/CheckFunctionExists.c.o   -c /usr/local/Cellar/cmake/3.14.3/share/cmake/Modules/CheckFunctionExists.c
Linking C executable cmTC_79512
/usr/local/Cellar/cmake/3.14.3/bin/cmake -E cmake_link_script CMakeFiles/cmTC_79512.dir/link.txt --verbose=1
/Applications/Xcode.app/Contents/Developer/Toolchains/XcodeDefault.xctoolchain/usr/bin/cc   -DLSQUIC_DEBUG_NEXT_ADV_TICK=1 -Wall -Wextra -Wno-unused-parameter -fno-omit-frame-pointer -Wno-implicit-fallthrough -O3 -g0  -DCHECK_FUNCTION_EXISTS=sendmmsg -arch i386 -isysroot /Applications/Xcode.app/Contents/Developer/Platforms/iPhoneSimulator.platform/Developer/SDKs/iPhoneSimulator13.2.sdk -Wl,-search_paths_first -Wl,-headerpad_max_install_names   CMakeFiles/cmTC_79512.dir/CheckFunctionExists.c.o  -o cmTC_79512 
Undefined symbols for architecture i386:
  "_sendmmsg", referenced from:
      _main in CheckFunctionExists.c.o
ld: symbol(s) not found for architecture i386
clang: error: linker command failed with exit code 1 (use -v to see invocation)
make[1]: *** [cmTC_79512] Error 1
make: *** [cmTC_79512/fast] Error 2


Determining if the function recvmmsg exists failed with the following output:
Change Dir: /Users/zhang/lsquic/build_i386/CMakeFiles/CMakeTmp

Run Build Command(s):/usr/bin/make cmTC_debb6/fast 
/Applications/Xcode.app/Contents/Developer/usr/bin/make -f CMakeFiles/cmTC_debb6.dir/build.make CMakeFiles/cmTC_debb6.dir/build
Building C object CMakeFiles/cmTC_debb6.dir/CheckFunctionExists.c.o
/Applications/Xcode.app/Contents/Developer/Toolchains/XcodeDefault.xctoolchain/usr/bin/cc   -DLSQUIC_DEBUG_NEXT_ADV_TICK=1 -Wall -Wextra -Wno-unused-parameter -fno-omit-frame-pointer -Wno-implicit-fallthrough -O3 -g0  -DCHECK_FUNCTION_EXISTS=recvmmsg -arch i386 -isysroot /Applications/Xcode.app/Contents/Developer/Platforms/iPhoneSimulator.platform/Developer/SDKs/iPhoneSimulator13.2.sdk   -o CMakeFiles/cmTC_debb6.dir/CheckFunctionExists.c.o   -c /usr/local/Cellar/cmake/3.14.3/share/cmake/Modules/CheckFunctionExists.c
Linking C executable cmTC_debb6
/usr/local/Cellar/cmake/3.14.3/bin/cmake -E cmake_link_script CMakeFiles/cmTC_debb6.dir/link.txt --verbose=1
/Applications/Xcode.app/Contents/Developer/Toolchains/XcodeDefault.xctoolchain/usr/bin/cc   -DLSQUIC_DEBUG_NEXT_ADV_TICK=1 -Wall -Wextra -Wno-unused-parameter -fno-omit-frame-pointer -Wno-implicit-fallthrough -O3 -g0  -DCHECK_FUNCTION_EXISTS=recvmmsg -arch i386 -isysroot /Applications/Xcode.app/Contents/Developer/Platforms/iPhoneSimulator.platform/Developer/SDKs/iPhoneSimulator13.2.sdk -Wl,-search_paths_first -Wl,-headerpad_max_install_names   CMakeFiles/cmTC_debb6.dir/CheckFunctionExists.c.o  -o cmTC_debb6 
Undefined symbols for architecture i386:
  "_recvmmsg", referenced from:
      _main in CheckFunctionExists.c.o
ld: symbol(s) not found for architecture i386
clang: error: linker command failed with exit code 1 (use -v to see invocation)
make[1]: *** [cmTC_debb6] Error 1
make: *** [cmTC_debb6/fast] Error 2


Determining if the IP_MTU_DISCOVER exist failed with the following output:
Change Dir: /Users/zhang/lsquic/build_i386/CMakeFiles/CMakeTmp

Run Build Command(s):/usr/bin/make cmTC_f77d1/fast 
/Applications/Xcode.app/Contents/Developer/usr/bin/make -f CMakeFiles/cmTC_f77d1.dir/build.make CMakeFiles/cmTC_f77d1.dir/build
Building C object CMakeFiles/cmTC_f77d1.dir/CheckSymbolExists.c.o
/Applications/Xcode.app/Contents/Developer/Toolchains/XcodeDefault.xctoolchain/usr/bin/cc   -DLSQUIC_DEBUG_NEXT_ADV_TICK=1 -Wall -Wextra -Wno-unused-parameter -fno-omit-frame-pointer -Wno-implicit-fallthrough -O3 -g0   -arch i386 -isysroot /Applications/Xcode.app/Contents/Developer/Platforms/iPhoneSimulator.platform/Developer/SDKs/iPhoneSimulator13.2.sdk   -o CMakeFiles/cmTC_f77d1.dir/CheckSymbolExists.c.o   -c /Users/zhang/lsquic/build_i386/CMakeFiles/CMakeTmp/CheckSymbolExists.c
/Users/zhang/lsquic/build_i386/CMakeFiles/CMakeTmp/CheckSymbolExists.c:8:19: error: use of undeclared identifier 'IP_MTU_DISCOVER'
  return ((int*)(&IP_MTU_DISCOVER))[argc];
                  ^
1 error generated.
make[1]: *** [CMakeFiles/cmTC_f77d1.dir/CheckSymbolExists.c.o] Error 1
make: *** [cmTC_f77d1/fast] Error 2

File /Users/zhang/lsquic/build_i386/CMakeFiles/CMakeTmp/CheckSymbolExists.c:
/* */
#include <netinet/in.h>

int main(int argc, char** argv)
{
  (void)argv;
#ifndef IP_MTU_DISCOVER
  return ((int*)(&IP_MTU_DISCOVER))[argc];
#else
  (void)argc;
  return 0;
#endif
}

Determining if the IP_DONTFRAG exist failed with the following output:
Change Dir: /Users/zhang/lsquic/build_i386/CMakeFiles/CMakeTmp

Run Build Command(s):/usr/bin/make cmTC_1df9e/fast 
/Applications/Xcode.app/Contents/Developer/usr/bin/make -f CMakeFiles/cmTC_1df9e.dir/build.make CMakeFiles/cmTC_1df9e.dir/build
Building C object CMakeFiles/cmTC_1df9e.dir/CheckSymbolExists.c.o
/Applications/Xcode.app/Contents/Developer/Toolchains/XcodeDefault.xctoolchain/usr/bin/cc   -DLSQUIC_DEBUG_NEXT_ADV_TICK=1 -Wall -Wextra -Wno-unused-parameter -fno-omit-frame-pointer -Wno-implicit-fallthrough -O3 -g0   -arch i386 -isysroot /Applications/Xcode.app/Contents/Developer/Platforms/iPhoneSimulator.platform/Developer/SDKs/iPhoneSimulator13.2.sdk   -o CMakeFiles/cmTC_1df9e.dir/CheckSymbolExists.c.o   -c /Users/zhang/lsquic/build_i386/CMakeFiles/CMakeTmp/CheckSymbolExists.c
/Users/zhang/lsquic/build_i386/CMakeFiles/CMakeTmp/CheckSymbolExists.c:8:19: error: use of undeclared identifier 'IP_DONTFRAG'
  return ((int*)(&IP_DONTFRAG))[argc];
                  ^
1 error generated.
make[1]: *** [CMakeFiles/cmTC_1df9e.dir/CheckSymbolExists.c.o] Error 1
make: *** [cmTC_1df9e/fast] Error 2

File /Users/zhang/lsquic/build_i386/CMakeFiles/CMakeTmp/CheckSymbolExists.c:
/* */
#include <netinet/in.h>

int main(int argc, char** argv)
{
  (void)argv;
#ifndef IP_DONTFRAG
  return ((int*)(&IP_DONTFRAG))[argc];
#else
  (void)argc;
  return 0;
#endif
}

