Determining if the function sendmmsg exists failed with the following output:
Change Dir: /Users/zhang/lsquic/build_x86_64/CMakeFiles/CMakeTmp

Run Build Command(s):/usr/bin/make cmTC_c9b1d/fast 
/Applications/Xcode.app/Contents/Developer/usr/bin/make -f CMakeFiles/cmTC_c9b1d.dir/build.make CMakeFiles/cmTC_c9b1d.dir/build
Building C object CMakeFiles/cmTC_c9b1d.dir/CheckFunctionExists.c.o
/Applications/Xcode.app/Contents/Developer/Toolchains/XcodeDefault.xctoolchain/usr/bin/cc   -DLSQUIC_DEBUG_NEXT_ADV_TICK=1 -Wall -Wextra -Wno-unused-parameter -fno-omit-frame-pointer -Wno-implicit-fallthrough -O3 -g0  -DCHECK_FUNCTION_EXISTS=sendmmsg -arch x86_64 -isysroot /Applications/Xcode.app/Contents/Developer/Platforms/iPhoneSimulator.platform/Developer/SDKs/iPhoneSimulator13.2.sdk   -o CMakeFiles/cmTC_c9b1d.dir/CheckFunctionExists.c.o   -c /usr/local/Cellar/cmake/3.14.3/share/cmake/Modules/CheckFunctionExists.c
Linking C executable cmTC_c9b1d
/usr/local/Cellar/cmake/3.14.3/bin/cmake -E cmake_link_script CMakeFiles/cmTC_c9b1d.dir/link.txt --verbose=1
/Applications/Xcode.app/Contents/Developer/Toolchains/XcodeDefault.xctoolchain/usr/bin/cc   -DLSQUIC_DEBUG_NEXT_ADV_TICK=1 -Wall -Wextra -Wno-unused-parameter -fno-omit-frame-pointer -Wno-implicit-fallthrough -O3 -g0  -DCHECK_FUNCTION_EXISTS=sendmmsg -arch x86_64 -isysroot /Applications/Xcode.app/Contents/Developer/Platforms/iPhoneSimulator.platform/Developer/SDKs/iPhoneSimulator13.2.sdk -Wl,-search_paths_first -Wl,-headerpad_max_install_names   CMakeFiles/cmTC_c9b1d.dir/CheckFunctionExists.c.o  -o cmTC_c9b1d 
Undefined symbols for architecture x86_64:
  "_sendmmsg", referenced from:
      _main in CheckFunctionExists.c.o
ld: symbol(s) not found for architecture x86_64
clang: error: linker command failed with exit code 1 (use -v to see invocation)
make[1]: *** [cmTC_c9b1d] Error 1
make: *** [cmTC_c9b1d/fast] Error 2


Determining if the function recvmmsg exists failed with the following output:
Change Dir: /Users/zhang/lsquic/build_x86_64/CMakeFiles/CMakeTmp

Run Build Command(s):/usr/bin/make cmTC_ad3d7/fast 
/Applications/Xcode.app/Contents/Developer/usr/bin/make -f CMakeFiles/cmTC_ad3d7.dir/build.make CMakeFiles/cmTC_ad3d7.dir/build
Building C object CMakeFiles/cmTC_ad3d7.dir/CheckFunctionExists.c.o
/Applications/Xcode.app/Contents/Developer/Toolchains/XcodeDefault.xctoolchain/usr/bin/cc   -DLSQUIC_DEBUG_NEXT_ADV_TICK=1 -Wall -Wextra -Wno-unused-parameter -fno-omit-frame-pointer -Wno-implicit-fallthrough -O3 -g0  -DCHECK_FUNCTION_EXISTS=recvmmsg -arch x86_64 -isysroot /Applications/Xcode.app/Contents/Developer/Platforms/iPhoneSimulator.platform/Developer/SDKs/iPhoneSimulator13.2.sdk   -o CMakeFiles/cmTC_ad3d7.dir/CheckFunctionExists.c.o   -c /usr/local/Cellar/cmake/3.14.3/share/cmake/Modules/CheckFunctionExists.c
Linking C executable cmTC_ad3d7
/usr/local/Cellar/cmake/3.14.3/bin/cmake -E cmake_link_script CMakeFiles/cmTC_ad3d7.dir/link.txt --verbose=1
/Applications/Xcode.app/Contents/Developer/Toolchains/XcodeDefault.xctoolchain/usr/bin/cc   -DLSQUIC_DEBUG_NEXT_ADV_TICK=1 -Wall -Wextra -Wno-unused-parameter -fno-omit-frame-pointer -Wno-implicit-fallthrough -O3 -g0  -DCHECK_FUNCTION_EXISTS=recvmmsg -arch x86_64 -isysroot /Applications/Xcode.app/Contents/Developer/Platforms/iPhoneSimulator.platform/Developer/SDKs/iPhoneSimulator13.2.sdk -Wl,-search_paths_first -Wl,-headerpad_max_install_names   CMakeFiles/cmTC_ad3d7.dir/CheckFunctionExists.c.o  -o cmTC_ad3d7 
Undefined symbols for architecture x86_64:
  "_recvmmsg", referenced from:
      _main in CheckFunctionExists.c.o
ld: symbol(s) not found for architecture x86_64
clang: error: linker command failed with exit code 1 (use -v to see invocation)
make[1]: *** [cmTC_ad3d7] Error 1
make: *** [cmTC_ad3d7/fast] Error 2


Determining if the IP_MTU_DISCOVER exist failed with the following output:
Change Dir: /Users/zhang/lsquic/build_x86_64/CMakeFiles/CMakeTmp

Run Build Command(s):/usr/bin/make cmTC_7da04/fast 
/Applications/Xcode.app/Contents/Developer/usr/bin/make -f CMakeFiles/cmTC_7da04.dir/build.make CMakeFiles/cmTC_7da04.dir/build
Building C object CMakeFiles/cmTC_7da04.dir/CheckSymbolExists.c.o
/Applications/Xcode.app/Contents/Developer/Toolchains/XcodeDefault.xctoolchain/usr/bin/cc   -DLSQUIC_DEBUG_NEXT_ADV_TICK=1 -Wall -Wextra -Wno-unused-parameter -fno-omit-frame-pointer -Wno-implicit-fallthrough -O3 -g0   -arch x86_64 -isysroot /Applications/Xcode.app/Contents/Developer/Platforms/iPhoneSimulator.platform/Developer/SDKs/iPhoneSimulator13.2.sdk   -o CMakeFiles/cmTC_7da04.dir/CheckSymbolExists.c.o   -c /Users/zhang/lsquic/build_x86_64/CMakeFiles/CMakeTmp/CheckSymbolExists.c
/Users/zhang/lsquic/build_x86_64/CMakeFiles/CMakeTmp/CheckSymbolExists.c:8:19: error: use of undeclared identifier 'IP_MTU_DISCOVER'
  return ((int*)(&IP_MTU_DISCOVER))[argc];
                  ^
1 error generated.
make[1]: *** [CMakeFiles/cmTC_7da04.dir/CheckSymbolExists.c.o] Error 1
make: *** [cmTC_7da04/fast] Error 2

File /Users/zhang/lsquic/build_x86_64/CMakeFiles/CMakeTmp/CheckSymbolExists.c:
/* */
#include <netinet/in.h>

int main(int argc, char** argv)
{
  (void)argv;
#ifndef IP_MTU_DISCOVER
  return ((int*)(&IP_MTU_DISCOVER))[argc];
#else
  (void)argc;
  return 0;
#endif
}

Determining if the IP_DONTFRAG exist failed with the following output:
Change Dir: /Users/zhang/lsquic/build_x86_64/CMakeFiles/CMakeTmp

Run Build Command(s):/usr/bin/make cmTC_c0689/fast 
/Applications/Xcode.app/Contents/Developer/usr/bin/make -f CMakeFiles/cmTC_c0689.dir/build.make CMakeFiles/cmTC_c0689.dir/build
Building C object CMakeFiles/cmTC_c0689.dir/CheckSymbolExists.c.o
/Applications/Xcode.app/Contents/Developer/Toolchains/XcodeDefault.xctoolchain/usr/bin/cc   -DLSQUIC_DEBUG_NEXT_ADV_TICK=1 -Wall -Wextra -Wno-unused-parameter -fno-omit-frame-pointer -Wno-implicit-fallthrough -O3 -g0   -arch x86_64 -isysroot /Applications/Xcode.app/Contents/Developer/Platforms/iPhoneSimulator.platform/Developer/SDKs/iPhoneSimulator13.2.sdk   -o CMakeFiles/cmTC_c0689.dir/CheckSymbolExists.c.o   -c /Users/zhang/lsquic/build_x86_64/CMakeFiles/CMakeTmp/CheckSymbolExists.c
/Users/zhang/lsquic/build_x86_64/CMakeFiles/CMakeTmp/CheckSymbolExists.c:8:19: error: use of undeclared identifier 'IP_DONTFRAG'
  return ((int*)(&IP_DONTFRAG))[argc];
                  ^
1 error generated.
make[1]: *** [CMakeFiles/cmTC_c0689.dir/CheckSymbolExists.c.o] Error 1
make: *** [cmTC_c0689/fast] Error 2

File /Users/zhang/lsquic/build_x86_64/CMakeFiles/CMakeTmp/CheckSymbolExists.c:
/* */
#include <netinet/in.h>

int main(int argc, char** argv)
{
  (void)argv;
#ifndef IP_DONTFRAG
  return ((int*)(&IP_DONTFRAG))[argc];
#else
  (void)argc;
  return 0;
#endif
}

